Using pre-set license
Built from '2020.3/release' branch; Version is '2020.3.2f1 (8fd9074bf66c) revision 9427207'; Using compiler version '192528614'; Build Type 'Release'
OS: 'Windows 10 Home; OS build 19042.928; Version 2009; 64bit' Language: 'en' Physical Memory: 14270 MB
BatchMode: 1, IsHumanControllingUs: 0, StartBugReporterOnCrash: 0, Is64bit: 1, IsPro: 0

 COMMAND LINE ARGUMENTS:
C:\Program Files\Unity\Hub\Editor\2020.3.2f1\Editor\Unity.exe
-adb2
-batchMode
-noUpm
-name
AssetImportWorker0
-projectPath
C:/Users/70412/Hero-new-generation
-logFile
Logs/AssetImportWorker0.log
-srvPort
60256
Successfully changed project path to: C:/Users/70412/Hero-new-generation
C:/Users/70412/Hero-new-generation
Using Asset Import Pipeline V2.
Refreshing native plugins compatible for Editor in 45.06 ms, found 1 plugins.
Preloading 0 native plugins for Editor in 0.00 ms.
Initialize engine version: 2020.3.2f1 (8fd9074bf66c)
[Subsystems] Discovering subsystems at path C:/Program Files/Unity/Hub/Editor/2020.3.2f1/Editor/Data/Resources/UnitySubsystems
[Subsystems] Discovering subsystems at path C:/Users/70412/Hero-new-generation/Assets
GfxDevice: creating device client; threaded=0
Direct3D:
    Version:  Direct3D 11.0 [level 11.1]
    Renderer: AMD Radeon(TM) RX Vega 11 Graphics (ID=0x15d8)
    Vendor:   
    VRAM:     7135 MB
    Driver:   27.20.14501.18003
Initialize mono
Mono path[0] = 'C:/Program Files/Unity/Hub/Editor/2020.3.2f1/Editor/Data/Managed'
Mono path[1] = 'C:/Program Files/Unity/Hub/Editor/2020.3.2f1/Editor/Data/MonoBleedingEdge/lib/mono/unityjit'
Mono config path = 'C:/Program Files/Unity/Hub/Editor/2020.3.2f1/Editor/Data/MonoBleedingEdge/etc'
Using monoOptions --debugger-agent=transport=dt_socket,embedding=1,server=y,suspend=n,address=127.0.0.1:56140
Begin MonoManager ReloadAssembly
Registering precompiled unity dll's ...
Register platform support module: C:/Program Files/Unity/Hub/Editor/2020.3.2f1/Editor/Data/PlaybackEngines/WebGLSupport/UnityEditor.WebGL.Extensions.dll
Register platform support module: C:/Program Files/Unity/Hub/Editor/2020.3.2f1/Editor/Data/PlaybackEngines/WindowsStandaloneSupport/UnityEditor.WindowsStandalone.Extensions.dll
Registered in 0.003032 seconds.
Native extension for WindowsStandalone target not found
Native extension for WebGL target not found
Refreshing native plugins compatible for Editor in 40.06 ms, found 1 plugins.
Preloading 0 native plugins for Editor in 0.00 ms.
Invoked RoslynAnalysisRunner static constructor.
RoslynAnalysisRunner will not be running.
RoslynAnalysisRunner has terminated.
Mono: successfully reloaded assembly
- Completed reload, in  1.371 seconds
Platform modules already initialized, skipping
Registering precompiled user dll's ...
Registered in 0.001146 seconds.
Begin MonoManager ReloadAssembly
Native extension for WindowsStandalone target not found
Native extension for WebGL target not found
Refreshing native plugins compatible for Editor in 39.99 ms, found 1 plugins.
Preloading 0 native plugins for Editor in 0.00 ms.
Invoked RoslynAnalysisRunner static constructor.
RoslynAnalysisRunner will not be running.
RoslynAnalysisRunner has terminated.
Mono: successfully reloaded assembly
- Completed reload, in  1.074 seconds
Platform modules already initialized, skipping
========================================================================
Worker process is ready to serve import requests
Launched and connected shader compiler UnityShaderCompiler.exe after 0.04 seconds
Refreshing native plugins compatible for Editor in 0.37 ms, found 1 plugins.
Preloading 0 native plugins for Editor in 0.00 ms.
Unloading 1817 Unused Serialized files (Serialized files now loaded: 0)
System memory in use before: 85.0 MB.
System memory in use after: 85.0 MB.

Unloading 19 unused Assets to reduce memory usage. Loaded Objects now: 2264.
Total: 2.621900 ms (FindLiveObjects: 0.279700 ms CreateObjectMapping: 0.137500 ms MarkObjects: 2.116800 ms  DeleteObjects: 0.086200 ms)

========================================================================
Received Import Request.
  path: Assets/Scenes/Start.unity
  artifactKey: Guid(3e9eaf3f33fedd944972eee65c38ac69) Importer(815301076,1909f56bfc062723c751e8b465ee728b)
Start importing Assets/Scenes/Start.unity using Guid(3e9eaf3f33fedd944972eee65c38ac69) Importer(815301076,1909f56bfc062723c751e8b465ee728b)  -> (artifact id: '1ea072f3a71aa8ff800d6cf10f4d743d') in 0.020681 seconds
  Import took 0.024905 seconds .

========================================================================
Received Import Request.
  Time since last request: 0.005470 seconds.
  path: Assets/Scenes/Start.unity
  artifactKey: Guid(3e9eaf3f33fedd944972eee65c38ac69) Importer(815301076,1909f56bfc062723c751e8b465ee728b)
Start importing Assets/Scenes/Start.unity using Guid(3e9eaf3f33fedd944972eee65c38ac69) Importer(815301076,1909f56bfc062723c751e8b465ee728b)  -> (artifact id: '1ea072f3a71aa8ff800d6cf10f4d743d') in 0.003307 seconds
  Import took 0.007746 seconds .

========================================================================
Received Prepare
Registering precompiled user dll's ...
Registered in 0.001865 seconds.
Begin MonoManager ReloadAssembly
Native extension for WindowsStandalone target not found
Native extension for WebGL target not found
Refreshing native plugins compatible for Editor in 0.60 ms, found 1 plugins.
Preloading 0 native plugins for Editor in 0.00 ms.
Invoked RoslynAnalysisRunner static constructor.
RoslynAnalysisRunner will not be running.
RoslynAnalysisRunner has terminated.
Mono: successfully reloaded assembly
- Completed reload, in  1.309 seconds
Platform modules already initialized, skipping
Refreshing native plugins compatible for Editor in 0.69 ms, found 1 plugins.
Preloading 0 native plugins for Editor in 0.00 ms.
Unloading 1807 Unused Serialized files (Serialized files now loaded: 0)
System memory in use before: 84.4 MB.
System memory in use after: 84.5 MB.

Unloading 7 unused Assets to reduce memory usage. Loaded Objects now: 2268.
Total: 4.119800 ms (FindLiveObjects: 0.499900 ms CreateObjectMapping: 0.264000 ms MarkObjects: 3.325300 ms  DeleteObjects: 0.027500 ms)

========================================================================
Received Import Request.
  Time since last request: 100.655401 seconds.
  path: Assets/Scenes/HowTO.unity
  artifactKey: Guid(10d3e6307ae3ff84e9dc1aa6421273f2) Importer(815301076,1909f56bfc062723c751e8b465ee728b)
Start importing Assets/Scenes/HowTO.unity using Guid(10d3e6307ae3ff84e9dc1aa6421273f2) Importer(815301076,1909f56bfc062723c751e8b465ee728b)  -> (artifact id: 'b9217e10f09d0fe62d0266fb1ea4068a') in 0.033882 seconds
  Import took 0.037960 seconds .

========================================================================
Received Prepare
Registering precompiled user dll's ...
Registered in 0.001491 seconds.
Begin MonoManager ReloadAssembly
Native extension for WindowsStandalone target not found
Native extension for WebGL target not found
Refreshing native plugins compatible for Editor in 0.41 ms, found 1 plugins.
Preloading 0 native plugins for Editor in 0.00 ms.
Invoked RoslynAnalysisRunner static constructor.
RoslynAnalysisRunner will not be running.
RoslynAnalysisRunner has terminated.
Mono: successfully reloaded assembly
- Completed reload, in  1.084 seconds
Platform modules already initialized, skipping
Refreshing native plugins compatible for Editor in 0.55 ms, found 1 plugins.
Preloading 0 native plugins for Editor in 0.00 ms.
Unloading 1807 Unused Serialized files (Serialized files now loaded: 0)
System memory in use before: 84.5 MB.
System memory in use after: 84.6 MB.

Unloading 7 unused Assets to reduce memory usage. Loaded Objects now: 2272.
Total: 2.528900 ms (FindLiveObjects: 0.232500 ms CreateObjectMapping: 0.041600 ms MarkObjects: 2.224400 ms  DeleteObjects: 0.028600 ms)

========================================================================
Received Import Request.
  Time since last request: 267.349516 seconds.
  path: Assets/Prefabs/Egg.prefab
  artifactKey: Guid(c4f1d059398a15b44a996a963f5204c2) Importer(815301076,1909f56bfc062723c751e8b465ee728b)
Start importing Assets/Prefabs/Egg.prefab using Guid(c4f1d059398a15b44a996a963f5204c2) Importer(815301076,1909f56bfc062723c751e8b465ee728b)  -> (artifact id: '9c8ec8a29f604fd1b0acf43cc4ae5868') in 0.155309 seconds
  Import took 0.158602 seconds .

========================================================================
Received Import Request.
  Time since last request: 0.000260 seconds.
  path: Assets/Prefabs/Waypoint.prefab
  artifactKey: Guid(a70510dee5835c34bab994db71e97530) Importer(815301076,1909f56bfc062723c751e8b465ee728b)
Start importing Assets/Prefabs/Waypoint.prefab using Guid(a70510dee5835c34bab994db71e97530) Importer(815301076,1909f56bfc062723c751e8b465ee728b)  -> (artifact id: '8982420b605ca31e8b28a4d5f6bb8781') in 0.038808 seconds
  Import took 0.042427 seconds .

========================================================================
Received Import Request.
  Time since last request: 0.000211 seconds.
  path: Assets/Prefabs/Enemy.prefab
  artifactKey: Guid(8e630f4f39aad3a418211a173b70ee0f) Importer(815301076,1909f56bfc062723c751e8b465ee728b)
Start importing Assets/Prefabs/Enemy.prefab using Guid(8e630f4f39aad3a418211a173b70ee0f) Importer(815301076,1909f56bfc062723c751e8b465ee728b)  -> (artifact id: 'a908e1601953dff3de5b5454638f66fb') in 0.033690 seconds
  Import took 0.037641 seconds .

========================================================================
Received Import Request.
  Time since last request: 3.258821 seconds.
  path: Assets/Sprites/A_Walk.png
  artifactKey: Guid(7e1c1d6f44d9179479fb330a2f7552ef) Importer(815301076,1909f56bfc062723c751e8b465ee728b)
Start importing Assets/Sprites/A_Walk.png using Guid(7e1c1d6f44d9179479fb330a2f7552ef) Importer(815301076,1909f56bfc062723c751e8b465ee728b)  -> (artifact id: '4cb90394252cb8a9f57abd4bab6647f6') in 0.080983 seconds
  Import took 0.085118 seconds .

========================================================================
Received Import Request.
  Time since last request: 0.000258 seconds.
  path: Assets/Sprites/Neptune clipart.png
  artifactKey: Guid(887e5b1d347ad8c4db0ad4dc449508df) Importer(815301076,1909f56bfc062723c751e8b465ee728b)
Start importing Assets/Sprites/Neptune clipart.png using Guid(887e5b1d347ad8c4db0ad4dc449508df) Importer(815301076,1909f56bfc062723c751e8b465ee728b)  -> (artifact id: 'f099142651e6ab8fd8b9f4fdfbd3bb3e') in 0.037368 seconds
  Import took 0.040993 seconds .

========================================================================
Received Import Request.
  Time since last request: 0.000219 seconds.
  path: Assets/Sprites/B_Walk.png
  artifactKey: Guid(a7d29d1213f7ffb4e9ddd99d56b0bbae) Importer(815301076,1909f56bfc062723c751e8b465ee728b)
Start importing Assets/Sprites/B_Walk.png using Guid(a7d29d1213f7ffb4e9ddd99d56b0bbae) Importer(815301076,1909f56bfc062723c751e8b465ee728b)  -> (artifact id: '7cbecec3b6e46af3af58ef1ff3d8af9a') in 0.027399 seconds
  Import took 0.031179 seconds .

========================================================================
Received Import Request.
  Time since last request: 0.000197 seconds.
  path: Assets/Sprites/Eart clipart.png
  artifactKey: Guid(c87ca737736157f4290a62ddac5b6bb4) Importer(815301076,1909f56bfc062723c751e8b465ee728b)
Start importing Assets/Sprites/Eart clipart.png using Guid(c87ca737736157f4290a62ddac5b6bb4) Importer(815301076,1909f56bfc062723c751e8b465ee728b)  -> (artifact id: 'e4e81586deadb2c2d7be3962c8f3dd6c') in 0.035762 seconds
  Import took 0.039903 seconds .

========================================================================
Received Import Request.
  Time since last request: 0.000402 seconds.
  path: Assets/Sprites/D_Walk.png
  artifactKey: Guid(b3d1cee192cc3b84aab23c5c94c2374f) Importer(815301076,1909f56bfc062723c751e8b465ee728b)
Start importing Assets/Sprites/D_Walk.png using Guid(b3d1cee192cc3b84aab23c5c94c2374f) Importer(815301076,1909f56bfc062723c751e8b465ee728b)  -> (artifact id: '8b1c74182238179399bd8d984b4bf159') in 0.037320 seconds
  Import took 0.041801 seconds .

========================================================================
Received Import Request.
  Time since last request: 0.000221 seconds.
  path: Assets/Sprites/E_Walk.png
  artifactKey: Guid(e19b9c1ad734b8b46abd5d752d4a5ac8) Importer(815301076,1909f56bfc062723c751e8b465ee728b)
Start importing Assets/Sprites/E_Walk.png using Guid(e19b9c1ad734b8b46abd5d752d4a5ac8) Importer(815301076,1909f56bfc062723c751e8b465ee728b)  -> (artifact id: 'eef53cc02bd9df93c597032b7d733ed4') in 0.033275 seconds
  Import took 0.036782 seconds .

========================================================================
Received Import Request.
  Time since last request: 0.000320 seconds.
  path: Assets/Sprites/Jupiter clipart.png
  artifactKey: Guid(ee18f26a87adee14d876e09d96fed7c7) Importer(815301076,1909f56bfc062723c751e8b465ee728b)
Start importing Assets/Sprites/Jupiter clipart.png using Guid(ee18f26a87adee14d876e09d96fed7c7) Importer(815301076,1909f56bfc062723c751e8b465ee728b)  -> (artifact id: '76b3b110d3203c569ca5a4768f5d7198') in 0.037560 seconds
  Import took 0.041120 seconds .

========================================================================
Received Import Request.
  Time since last request: 0.000283 seconds.
  path: Assets/Sprites/C_Walk.png
  artifactKey: Guid(16e8a6dfc8a519f4cabe91d7669661da) Importer(815301076,1909f56bfc062723c751e8b465ee728b)
Start importing Assets/Sprites/C_Walk.png using Guid(16e8a6dfc8a519f4cabe91d7669661da) Importer(815301076,1909f56bfc062723c751e8b465ee728b)  -> (artifact id: 'ed8b42925b98478adf471c2c6d17d6ad') in 0.030512 seconds
  Import took 0.034159 seconds .

========================================================================
Received Import Request.
  Time since last request: 0.000252 seconds.
  path: Assets/Sprites/GreenUp.PNG
  artifactKey: Guid(2969cac47c28ffc4a9f8f238008ff4de) Importer(815301076,1909f56bfc062723c751e8b465ee728b)
Start importing Assets/Sprites/GreenUp.PNG using Guid(2969cac47c28ffc4a9f8f238008ff4de) Importer(815301076,1909f56bfc062723c751e8b465ee728b)  -> (artifact id: '0ef72140d60146f08b68fa77d43756b2') in 0.031837 seconds
  Import took 0.036303 seconds .

========================================================================
Received Import Request.
  Time since last request: 0.000230 seconds.
  path: Assets/Sprites/mercury clipart.png
  artifactKey: Guid(dd3d54979a65e28458a25ef08c2604c0) Importer(815301076,1909f56bfc062723c751e8b465ee728b)
Start importing Assets/Sprites/mercury clipart.png using Guid(dd3d54979a65e28458a25ef08c2604c0) Importer(815301076,1909f56bfc062723c751e8b465ee728b)  -> (artifact id: '04b381c0900928ed561718b8a2f27d7c') in 0.032494 seconds
  Import took 0.035955 seconds .

========================================================================
Received Import Request.
  Time since last request: 0.000367 seconds.
  path: Assets/Sprites/Egg.png
  artifactKey: Guid(5732c86a26d757343abb90f668ae1dc8) Importer(815301076,1909f56bfc062723c751e8b465ee728b)
Start importing Assets/Sprites/Egg.png using Guid(5732c86a26d757343abb90f668ae1dc8) Importer(815301076,1909f56bfc062723c751e8b465ee728b)  -> (artifact id: '8de34a1ca443d9d045416d1d3e41049d') in 0.022385 seconds
  Import took 0.026600 seconds .

========================================================================
Received Import Request.
  Time since last request: 0.000253 seconds.
  path: Assets/Sprites/F_Walk.png
  artifactKey: Guid(d45891b3125ccde4db02a40c853690e0) Importer(815301076,1909f56bfc062723c751e8b465ee728b)
Start importing Assets/Sprites/F_Walk.png using Guid(d45891b3125ccde4db02a40c853690e0) Importer(815301076,1909f56bfc062723c751e8b465ee728b)  -> (artifact id: 'c406b2252ce4019c72affa0768301ab6') in 0.036680 seconds
  Import took 0.041313 seconds .

========================================================================
Received Import Request.
  Time since last request: 0.000284 seconds.
  path: Assets/Sprites/Egg.png
  artifactKey: Guid(5732c86a26d757343abb90f668ae1dc8) Importer(815301076,1909f56bfc062723c751e8b465ee728b)
Start importing Assets/Sprites/Egg.png using Guid(5732c86a26d757343abb90f668ae1dc8) Importer(815301076,1909f56bfc062723c751e8b465ee728b)  -> (artifact id: '8de34a1ca443d9d045416d1d3e41049d') in 0.020943 seconds
  Import took 0.025291 seconds .

========================================================================
Received Import Request.
  Time since last request: 0.000298 seconds.
  path: Assets/Sprites/uranus clipart.png
  artifactKey: Guid(4ef339e86072dcf41858b5b4bdcb1ffc) Importer(815301076,1909f56bfc062723c751e8b465ee728b)
Start importing Assets/Sprites/uranus clipart.png using Guid(4ef339e86072dcf41858b5b4bdcb1ffc) Importer(815301076,1909f56bfc062723c751e8b465ee728b)  -> (artifact id: '8c623ad809528661c61602490ef457de') in 0.033174 seconds
  Import took 0.037652 seconds .

========================================================================
Received Import Request.
  Time since last request: 0.000221 seconds.
  path: Assets/Sprites/Mars clipart.png
  artifactKey: Guid(8017a0ad6dc928343bbd4d97b8c55759) Importer(815301076,1909f56bfc062723c751e8b465ee728b)
Start importing Assets/Sprites/Mars clipart.png using Guid(8017a0ad6dc928343bbd4d97b8c55759) Importer(815301076,1909f56bfc062723c751e8b465ee728b)  -> (artifact id: 'e14c3f74bcda17330a07aee1438bf7ab') in 0.035903 seconds
  Import took 0.040164 seconds .

========================================================================
Received Import Request.
  Time since last request: 0.000300 seconds.
  path: Assets/Sprites/Plane.png
  artifactKey: Guid(9cafb071625f47442a0386a045f97502) Importer(815301076,1909f56bfc062723c751e8b465ee728b)
Start importing Assets/Sprites/Plane.png using Guid(9cafb071625f47442a0386a045f97502) Importer(815301076,1909f56bfc062723c751e8b465ee728b)  -> (artifact id: '4087cd18f46ff2b4a88c59bad08eaccd') in 0.023090 seconds
  Import took 0.028479 seconds .

========================================================================
Received Import Request.
  Time since last request: 0.003779 seconds.
  path: Assets/Sprites/Plane.png
  artifactKey: Guid(9cafb071625f47442a0386a045f97502) Importer(815301076,1909f56bfc062723c751e8b465ee728b)
Start importing Assets/Sprites/Plane.png using Guid(9cafb071625f47442a0386a045f97502) Importer(815301076,1909f56bfc062723c751e8b465ee728b)  -> (artifact id: '4087cd18f46ff2b4a88c59bad08eaccd') in 0.015342 seconds
  Import took 0.020196 seconds .

========================================================================
Received Import Request.
  Time since last request: 2.931131 seconds.
  path: Assets/BackButtonBehavior.cs
  artifactKey: Guid(3e96d84dbe547b64d9cd1b96538b4e44) Importer(815301076,1909f56bfc062723c751e8b465ee728b)
Start importing Assets/BackButtonBehavior.cs using Guid(3e96d84dbe547b64d9cd1b96538b4e44) Importer(815301076,1909f56bfc062723c751e8b465ee728b)  -> (artifact id: '6587258412b36cee882df4599833c41d') in 0.026024 seconds
  Import took 0.030185 seconds .

========================================================================
Received Import Request.
  Time since last request: 0.921317 seconds.
  path: Assets/PlaneController.cs
  artifactKey: Guid(f7e0707f15ce6674e8d539f7ba9b0dd1) Importer(815301076,1909f56bfc062723c751e8b465ee728b)
Start importing Assets/PlaneController.cs using Guid(f7e0707f15ce6674e8d539f7ba9b0dd1) Importer(815301076,1909f56bfc062723c751e8b465ee728b)  -> (artifact id: 'd00913c2cd1e7693108bf788a281f675') in 0.007450 seconds
  Import took 0.011202 seconds .

========================================================================
Received Import Request.
  Time since last request: 0.007510 seconds.
  path: Assets/PlaneController.cs
  artifactKey: Guid(f7e0707f15ce6674e8d539f7ba9b0dd1) Importer(815301076,1909f56bfc062723c751e8b465ee728b)
Start importing Assets/PlaneController.cs using Guid(f7e0707f15ce6674e8d539f7ba9b0dd1) Importer(815301076,1909f56bfc062723c751e8b465ee728b)  -> (artifact id: 'd00913c2cd1e7693108bf788a281f675') in 0.004095 seconds
  Import took 0.007981 seconds .

========================================================================
Received Prepare
Registering precompiled user dll's ...
Registered in 0.001238 seconds.
Begin MonoManager ReloadAssembly
Native extension for WindowsStandalone target not found
Native extension for WebGL target not found
Refreshing native plugins compatible for Editor in 0.47 ms, found 1 plugins.
Preloading 0 native plugins for Editor in 0.00 ms.
Invoked RoslynAnalysisRunner static constructor.
RoslynAnalysisRunner will not be running.
RoslynAnalysisRunner has terminated.
Mono: successfully reloaded assembly
- Completed reload, in  1.179 seconds
Platform modules already initialized, skipping
Refreshing native plugins compatible for Editor in 0.47 ms, found 1 plugins.
Preloading 0 native plugins for Editor in 0.00 ms.
Unloading 1807 Unused Serialized files (Serialized files now loaded: 0)
System memory in use before: 87.6 MB.
System memory in use after: 87.7 MB.

Unloading 7 unused Assets to reduce memory usage. Loaded Objects now: 2303.
Total: 3.225200 ms (FindLiveObjects: 0.298200 ms CreateObjectMapping: 0.048400 ms MarkObjects: 2.856900 ms  DeleteObjects: 0.020100 ms)

========================================================================
Received Prepare
Registering precompiled user dll's ...
Registered in 0.002659 seconds.
Begin MonoManager ReloadAssembly
Native extension for WindowsStandalone target not found
Native extension for WebGL target not found
Refreshing native plugins compatible for Editor in 0.89 ms, found 1 plugins.
Preloading 0 native plugins for Editor in 0.00 ms.
Invoked RoslynAnalysisRunner static constructor.
RoslynAnalysisRunner will not be running.
RoslynAnalysisRunner has terminated.
Mono: successfully reloaded assembly
- Completed reload, in  1.307 seconds
Platform modules already initialized, skipping
Refreshing native plugins compatible for Editor in 0.37 ms, found 1 plugins.
Preloading 0 native plugins for Editor in 0.00 ms.
Unloading 1807 Unused Serialized files (Serialized files now loaded: 0)
System memory in use before: 87.6 MB.
System memory in use after: 87.8 MB.

Unloading 7 unused Assets to reduce memory usage. Loaded Objects now: 2307.
Total: 2.923900 ms (FindLiveObjects: 0.236900 ms CreateObjectMapping: 0.050900 ms MarkObjects: 2.598800 ms  DeleteObjects: 0.033800 ms)

========================================================================
Received Import Request.
  Time since last request: 75.318927 seconds.
  path: Assets/Scenes/HowTO.unity
  artifactKey: Guid(10d3e6307ae3ff84e9dc1aa6421273f2) Importer(815301076,1909f56bfc062723c751e8b465ee728b)
Start importing Assets/Scenes/HowTO.unity using Guid(10d3e6307ae3ff84e9dc1aa6421273f2) Importer(815301076,1909f56bfc062723c751e8b465ee728b)  -> (artifact id: '39972385c23b9a4ee7c34413133d6cc5') in 0.015201 seconds
  Import took 0.018410 seconds .

========================================================================
Received Import Request.
  Time since last request: 1.660443 seconds.
  path: Assets/Scenes/HowTO.unity
  artifactKey: Guid(10d3e6307ae3ff84e9dc1aa6421273f2) Importer(815301076,1909f56bfc062723c751e8b465ee728b)
Start importing Assets/Scenes/HowTO.unity using Guid(10d3e6307ae3ff84e9dc1aa6421273f2) Importer(815301076,1909f56bfc062723c751e8b465ee728b)  -> (artifact id: '571abbfd7f452486a03bb95f7947b077') in 0.003871 seconds
  Import took 0.007504 seconds .

========================================================================
Received Import Request.
  Time since last request: 0.654656 seconds.
  path: Assets/Scenes/SampleScene.unity
  artifactKey: Guid(2cda990e2423bbf4892e6590ba056729) Importer(815301076,1909f56bfc062723c751e8b465ee728b)
Start importing Assets/Scenes/SampleScene.unity using Guid(2cda990e2423bbf4892e6590ba056729) Importer(815301076,1909f56bfc062723c751e8b465ee728b)  -> (artifact id: '926c9fb36623aa773864e4557e552519') in 0.009217 seconds
  Import took 0.012358 seconds .

========================================================================
Received Prepare
Registering precompiled user dll's ...
Registered in 0.001204 seconds.
Begin MonoManager ReloadAssembly
Native extension for WindowsStandalone target not found
Native extension for WebGL target not found
Refreshing native plugins compatible for Editor in 0.38 ms, found 1 plugins.
Preloading 0 native plugins for Editor in 0.00 ms.
Invoked RoslynAnalysisRunner static constructor.
RoslynAnalysisRunner will not be running.
RoslynAnalysisRunner has terminated.
Mono: successfully reloaded assembly
- Completed reload, in  1.117 seconds
Platform modules already initialized, skipping
Refreshing native plugins compatible for Editor in 0.39 ms, found 1 plugins.
Preloading 0 native plugins for Editor in 0.00 ms.
Unloading 1807 Unused Serialized files (Serialized files now loaded: 0)
System memory in use before: 87.7 MB.
System memory in use after: 87.8 MB.

Unloading 7 unused Assets to reduce memory usage. Loaded Objects now: 2311.
Total: 2.671500 ms (FindLiveObjects: 0.370000 ms CreateObjectMapping: 0.094200 ms MarkObjects: 2.184400 ms  DeleteObjects: 0.020700 ms)

========================================================================
Received Prepare
Refreshing native plugins compatible for Editor in 2.89 ms, found 1 plugins.
Preloading 0 native plugins for Editor in 0.00 ms.
Unloading 5 Unused Serialized files (Serialized files now loaded: 0)
System memory in use before: 52.0 MB.
System memory in use after: 52.2 MB.

Unloading 5 unused Assets to reduce memory usage. Loaded Objects now: 2311.
Total: 2.560800 ms (FindLiveObjects: 0.365000 ms CreateObjectMapping: 0.104500 ms MarkObjects: 2.071300 ms  DeleteObjects: 0.016800 ms)

========================================================================
Received Prepare
Refreshing native plugins compatible for Editor in 1.94 ms, found 1 plugins.
Preloading 0 native plugins for Editor in 0.00 ms.
Unloading 5 Unused Serialized files (Serialized files now loaded: 0)
System memory in use before: 52.0 MB.
System memory in use after: 52.2 MB.

Unloading 5 unused Assets to reduce memory usage. Loaded Objects now: 2311.
Total: 2.857400 ms (FindLiveObjects: 0.369000 ms CreateObjectMapping: 0.152000 ms MarkObjects: 2.315500 ms  DeleteObjects: 0.019000 ms)

========================================================================
Received Prepare
Refreshing native plugins compatible for Editor in 1.91 ms, found 1 plugins.
Preloading 0 native plugins for Editor in 0.00 ms.
Unloading 5 Unused Serialized files (Serialized files now loaded: 0)
System memory in use before: 52.0 MB.
System memory in use after: 52.2 MB.

Unloading 5 unused Assets to reduce memory usage. Loaded Objects now: 2311.
Total: 2.456900 ms (FindLiveObjects: 0.237400 ms CreateObjectMapping: 0.057500 ms MarkObjects: 2.141500 ms  DeleteObjects: 0.019200 ms)

========================================================================
Received Prepare
Registering precompiled user dll's ...
Registered in 0.001134 seconds.
Begin MonoManager ReloadAssembly
Native extension for WindowsStandalone target not found
Native extension for WebGL target not found
Refreshing native plugins compatible for Editor in 0.39 ms, found 1 plugins.
Preloading 0 native plugins for Editor in 0.00 ms.
Invoked RoslynAnalysisRunner static constructor.
RoslynAnalysisRunner will not be running.
RoslynAnalysisRunner has terminated.
Mono: successfully reloaded assembly
- Completed reload, in  1.002 seconds
Platform modules already initialized, skipping
Refreshing native plugins compatible for Editor in 0.45 ms, found 1 plugins.
Preloading 0 native plugins for Editor in 0.00 ms.
Unloading 1807 Unused Serialized files (Serialized files now loaded: 0)
System memory in use before: 87.7 MB.
System memory in use after: 87.8 MB.

Unloading 7 unused Assets to reduce memory usage. Loaded Objects now: 2315.
Total: 2.908100 ms (FindLiveObjects: 0.263600 ms CreateObjectMapping: 0.077800 ms MarkObjects: 2.540100 ms  DeleteObjects: 0.024800 ms)

AssetImportWorkerClient::OnTransportError - code=2 error=End of file
