Using pre-set license
Built from '2020.3/release' branch; Version is '2020.3.2f1 (8fd9074bf66c) revision 9427207'; Using compiler version '192528614'; Build Type 'Release'
OS: 'Windows 10 Home; OS build 19042.928; Version 2009; 64bit' Language: 'en' Physical Memory: 14270 MB
BatchMode: 1, IsHumanControllingUs: 0, StartBugReporterOnCrash: 0, Is64bit: 1, IsPro: 0

 COMMAND LINE ARGUMENTS:
C:\Program Files\Unity\Hub\Editor\2020.3.2f1\Editor\Unity.exe
-adb2
-batchMode
-noUpm
-name
AssetImportWorker0
-projectPath
C:/Users/70412/Hero-new-generation
-logFile
Logs/AssetImportWorker0.log
-srvPort
56423
Successfully changed project path to: C:/Users/70412/Hero-new-generation
C:/Users/70412/Hero-new-generation
Using Asset Import Pipeline V2.
Refreshing native plugins compatible for Editor in 45.19 ms, found 1 plugins.
Preloading 0 native plugins for Editor in 0.00 ms.
Initialize engine version: 2020.3.2f1 (8fd9074bf66c)
[Subsystems] Discovering subsystems at path C:/Program Files/Unity/Hub/Editor/2020.3.2f1/Editor/Data/Resources/UnitySubsystems
[Subsystems] Discovering subsystems at path C:/Users/70412/Hero-new-generation/Assets
GfxDevice: creating device client; threaded=0
Direct3D:
    Version:  Direct3D 11.0 [level 11.1]
    Renderer: AMD Radeon(TM) RX Vega 11 Graphics (ID=0x15d8)
    Vendor:   
    VRAM:     7135 MB
    Driver:   27.20.14501.18003
Initialize mono
Mono path[0] = 'C:/Program Files/Unity/Hub/Editor/2020.3.2f1/Editor/Data/Managed'
Mono path[1] = 'C:/Program Files/Unity/Hub/Editor/2020.3.2f1/Editor/Data/MonoBleedingEdge/lib/mono/unityjit'
Mono config path = 'C:/Program Files/Unity/Hub/Editor/2020.3.2f1/Editor/Data/MonoBleedingEdge/etc'
Using monoOptions --debugger-agent=transport=dt_socket,embedding=1,server=y,suspend=n,address=127.0.0.1:56780
Begin MonoManager ReloadAssembly
Registering precompiled unity dll's ...
Register platform support module: C:/Program Files/Unity/Hub/Editor/2020.3.2f1/Editor/Data/PlaybackEngines/WebGLSupport/UnityEditor.WebGL.Extensions.dll
Register platform support module: C:/Program Files/Unity/Hub/Editor/2020.3.2f1/Editor/Data/PlaybackEngines/WindowsStandaloneSupport/UnityEditor.WindowsStandalone.Extensions.dll
Registered in 0.003369 seconds.
Native extension for WindowsStandalone target not found
Native extension for WebGL target not found
Refreshing native plugins compatible for Editor in 39.33 ms, found 1 plugins.
Preloading 0 native plugins for Editor in 0.00 ms.
Invoked RoslynAnalysisRunner static constructor.
RoslynAnalysisRunner will not be running.
RoslynAnalysisRunner has terminated.
Mono: successfully reloaded assembly
- Completed reload, in  1.422 seconds
Platform modules already initialized, skipping
Registering precompiled user dll's ...
Registered in 0.001174 seconds.
Begin MonoManager ReloadAssembly
Native extension for WindowsStandalone target not found
Native extension for WebGL target not found
Refreshing native plugins compatible for Editor in 41.71 ms, found 1 plugins.
Preloading 0 native plugins for Editor in 0.00 ms.
Invoked RoslynAnalysisRunner static constructor.
RoslynAnalysisRunner will not be running.
RoslynAnalysisRunner has terminated.
Mono: successfully reloaded assembly
- Completed reload, in  1.034 seconds
Platform modules already initialized, skipping
========================================================================
Worker process is ready to serve import requests
Launched and connected shader compiler UnityShaderCompiler.exe after 0.04 seconds
Refreshing native plugins compatible for Editor in 0.36 ms, found 1 plugins.
Preloading 0 native plugins for Editor in 0.00 ms.
Unloading 1814 Unused Serialized files (Serialized files now loaded: 0)
System memory in use before: 84.9 MB.
System memory in use after: 84.9 MB.

Unloading 19 unused Assets to reduce memory usage. Loaded Objects now: 2261.
Total: 2.652600 ms (FindLiveObjects: 0.237600 ms CreateObjectMapping: 0.060300 ms MarkObjects: 2.265800 ms  DeleteObjects: 0.087200 ms)

========================================================================
Received Import Request.
  path: Assets/Scenes/SampleScene.unity
  artifactKey: Guid(2cda990e2423bbf4892e6590ba056729) Importer(815301076,1909f56bfc062723c751e8b465ee728b)
Start importing Assets/Scenes/SampleScene.unity using Guid(2cda990e2423bbf4892e6590ba056729) Importer(815301076,1909f56bfc062723c751e8b465ee728b)  -> (artifact id: 'fe1eea17cfeb61225e58fca95e6de9de') in 0.021417 seconds
  Import took 0.024731 seconds .

========================================================================
Received Import Request.
  Time since last request: 0.062648 seconds.
  path: Assets/Scenes/SampleScene.unity
  artifactKey: Guid(2cda990e2423bbf4892e6590ba056729) Importer(815301076,1909f56bfc062723c751e8b465ee728b)
Start importing Assets/Scenes/SampleScene.unity using Guid(2cda990e2423bbf4892e6590ba056729) Importer(815301076,1909f56bfc062723c751e8b465ee728b)  -> (artifact id: 'fe1eea17cfeb61225e58fca95e6de9de') in 0.003109 seconds
  Import took 0.006100 seconds .

========================================================================
Received Import Request.
  Time since last request: 12.922246 seconds.
  path: Assets/Sprites/A_Walk.png
  artifactKey: Guid(7e1c1d6f44d9179479fb330a2f7552ef) Importer(815301076,1909f56bfc062723c751e8b465ee728b)
Start importing Assets/Sprites/A_Walk.png using Guid(7e1c1d6f44d9179479fb330a2f7552ef) Importer(815301076,1909f56bfc062723c751e8b465ee728b)  -> (artifact id: '4cb90394252cb8a9f57abd4bab6647f6') in 0.140817 seconds
  Import took 0.144300 seconds .

========================================================================
Received Import Request.
  Time since last request: 0.000208 seconds.
  path: Assets/Sprites/Neptune clipart.png
  artifactKey: Guid(887e5b1d347ad8c4db0ad4dc449508df) Importer(815301076,1909f56bfc062723c751e8b465ee728b)
Start importing Assets/Sprites/Neptune clipart.png using Guid(887e5b1d347ad8c4db0ad4dc449508df) Importer(815301076,1909f56bfc062723c751e8b465ee728b)  -> (artifact id: 'f099142651e6ab8fd8b9f4fdfbd3bb3e') in 0.021149 seconds
  Import took 0.024918 seconds .

========================================================================
Received Import Request.
  Time since last request: 0.000484 seconds.
  path: Assets/Sprites/B_Walk.png
  artifactKey: Guid(a7d29d1213f7ffb4e9ddd99d56b0bbae) Importer(815301076,1909f56bfc062723c751e8b465ee728b)
Start importing Assets/Sprites/B_Walk.png using Guid(a7d29d1213f7ffb4e9ddd99d56b0bbae) Importer(815301076,1909f56bfc062723c751e8b465ee728b)  -> (artifact id: '7cbecec3b6e46af3af58ef1ff3d8af9a') in 0.020355 seconds
  Import took 0.024854 seconds .

========================================================================
Received Import Request.
  Time since last request: 0.000206 seconds.
  path: Assets/Sprites/Eart clipart.png
  artifactKey: Guid(c87ca737736157f4290a62ddac5b6bb4) Importer(815301076,1909f56bfc062723c751e8b465ee728b)
Start importing Assets/Sprites/Eart clipart.png using Guid(c87ca737736157f4290a62ddac5b6bb4) Importer(815301076,1909f56bfc062723c751e8b465ee728b)  -> (artifact id: 'e4e81586deadb2c2d7be3962c8f3dd6c') in 0.025796 seconds
  Import took 0.029463 seconds .

========================================================================
Received Import Request.
  Time since last request: 0.000208 seconds.
  path: Assets/Sprites/D_Walk.png
  artifactKey: Guid(b3d1cee192cc3b84aab23c5c94c2374f) Importer(815301076,1909f56bfc062723c751e8b465ee728b)
Start importing Assets/Sprites/D_Walk.png using Guid(b3d1cee192cc3b84aab23c5c94c2374f) Importer(815301076,1909f56bfc062723c751e8b465ee728b)  -> (artifact id: '8b1c74182238179399bd8d984b4bf159') in 0.018858 seconds
  Import took 0.022375 seconds .

========================================================================
Received Import Request.
  Time since last request: 0.000284 seconds.
  path: Assets/Sprites/E_Walk.png
  artifactKey: Guid(e19b9c1ad734b8b46abd5d752d4a5ac8) Importer(815301076,1909f56bfc062723c751e8b465ee728b)
Start importing Assets/Sprites/E_Walk.png using Guid(e19b9c1ad734b8b46abd5d752d4a5ac8) Importer(815301076,1909f56bfc062723c751e8b465ee728b)  -> (artifact id: 'eef53cc02bd9df93c597032b7d733ed4') in 0.020507 seconds
  Import took 0.025093 seconds .

========================================================================
Received Import Request.
  Time since last request: 0.000302 seconds.
  path: Assets/Sprites/Jupiter clipart.png
  artifactKey: Guid(ee18f26a87adee14d876e09d96fed7c7) Importer(815301076,1909f56bfc062723c751e8b465ee728b)
Start importing Assets/Sprites/Jupiter clipart.png using Guid(ee18f26a87adee14d876e09d96fed7c7) Importer(815301076,1909f56bfc062723c751e8b465ee728b)  -> (artifact id: '76b3b110d3203c569ca5a4768f5d7198') in 0.027694 seconds
  Import took 0.031895 seconds .

========================================================================
Received Import Request.
  Time since last request: 0.000203 seconds.
  path: Assets/Sprites/C_Walk.png
  artifactKey: Guid(16e8a6dfc8a519f4cabe91d7669661da) Importer(815301076,1909f56bfc062723c751e8b465ee728b)
Start importing Assets/Sprites/C_Walk.png using Guid(16e8a6dfc8a519f4cabe91d7669661da) Importer(815301076,1909f56bfc062723c751e8b465ee728b)  -> (artifact id: 'ed8b42925b98478adf471c2c6d17d6ad') in 0.017381 seconds
  Import took 0.021517 seconds .

========================================================================
Received Import Request.
  Time since last request: 0.000187 seconds.
  path: Assets/Sprites/GreenUp.PNG
  artifactKey: Guid(2969cac47c28ffc4a9f8f238008ff4de) Importer(815301076,1909f56bfc062723c751e8b465ee728b)
Start importing Assets/Sprites/GreenUp.PNG using Guid(2969cac47c28ffc4a9f8f238008ff4de) Importer(815301076,1909f56bfc062723c751e8b465ee728b)  -> (artifact id: '0ef72140d60146f08b68fa77d43756b2') in 0.022628 seconds
  Import took 0.026324 seconds .

========================================================================
Received Import Request.
  Time since last request: 0.000227 seconds.
  path: Assets/Sprites/mercury clipart.png
  artifactKey: Guid(dd3d54979a65e28458a25ef08c2604c0) Importer(815301076,1909f56bfc062723c751e8b465ee728b)
Start importing Assets/Sprites/mercury clipart.png using Guid(dd3d54979a65e28458a25ef08c2604c0) Importer(815301076,1909f56bfc062723c751e8b465ee728b)  -> (artifact id: '04b381c0900928ed561718b8a2f27d7c') in 0.023313 seconds
  Import took 0.027269 seconds .

========================================================================
Received Import Request.
  Time since last request: 0.000182 seconds.
  path: Assets/Sprites/Egg.png
  artifactKey: Guid(5732c86a26d757343abb90f668ae1dc8) Importer(815301076,1909f56bfc062723c751e8b465ee728b)
Start importing Assets/Sprites/Egg.png using Guid(5732c86a26d757343abb90f668ae1dc8) Importer(815301076,1909f56bfc062723c751e8b465ee728b)  -> (artifact id: '8de34a1ca443d9d045416d1d3e41049d') in 0.022383 seconds
  Import took 0.025751 seconds .

========================================================================
Received Import Request.
  Time since last request: 0.000174 seconds.
  path: Assets/Sprites/F_Walk.png
  artifactKey: Guid(d45891b3125ccde4db02a40c853690e0) Importer(815301076,1909f56bfc062723c751e8b465ee728b)
Start importing Assets/Sprites/F_Walk.png using Guid(d45891b3125ccde4db02a40c853690e0) Importer(815301076,1909f56bfc062723c751e8b465ee728b)  -> (artifact id: 'c406b2252ce4019c72affa0768301ab6') in 0.018229 seconds
  Import took 0.021807 seconds .

========================================================================
Received Import Request.
  Time since last request: 0.000310 seconds.
  path: Assets/Sprites/uranus clipart.png
  artifactKey: Guid(4ef339e86072dcf41858b5b4bdcb1ffc) Importer(815301076,1909f56bfc062723c751e8b465ee728b)
Start importing Assets/Sprites/uranus clipart.png using Guid(4ef339e86072dcf41858b5b4bdcb1ffc) Importer(815301076,1909f56bfc062723c751e8b465ee728b)  -> (artifact id: '8c623ad809528661c61602490ef457de') in 0.020439 seconds
  Import took 0.024493 seconds .

========================================================================
Received Import Request.
  Time since last request: 0.000257 seconds.
  path: Assets/Sprites/Mars clipart.png
  artifactKey: Guid(8017a0ad6dc928343bbd4d97b8c55759) Importer(815301076,1909f56bfc062723c751e8b465ee728b)
Start importing Assets/Sprites/Mars clipart.png using Guid(8017a0ad6dc928343bbd4d97b8c55759) Importer(815301076,1909f56bfc062723c751e8b465ee728b)  -> (artifact id: 'e14c3f74bcda17330a07aee1438bf7ab') in 0.022676 seconds
  Import took 0.026768 seconds .

========================================================================
Received Import Request.
  Time since last request: 0.000264 seconds.
  path: Assets/Sprites/Plane.png
  artifactKey: Guid(9cafb071625f47442a0386a045f97502) Importer(815301076,1909f56bfc062723c751e8b465ee728b)
Start importing Assets/Sprites/Plane.png using Guid(9cafb071625f47442a0386a045f97502) Importer(815301076,1909f56bfc062723c751e8b465ee728b)  -> (artifact id: '4087cd18f46ff2b4a88c59bad08eaccd') in 0.016613 seconds
  Import took 0.021081 seconds .

========================================================================
Received Prepare
Registering precompiled user dll's ...
Registered in 0.001792 seconds.
Begin MonoManager ReloadAssembly
Native extension for WindowsStandalone target not found
Native extension for WebGL target not found
Refreshing native plugins compatible for Editor in 0.56 ms, found 1 plugins.
Preloading 0 native plugins for Editor in 0.00 ms.
Invoked RoslynAnalysisRunner static constructor.
RoslynAnalysisRunner will not be running.
RoslynAnalysisRunner has terminated.
Mono: successfully reloaded assembly
- Completed reload, in  1.081 seconds
Platform modules already initialized, skipping
Refreshing native plugins compatible for Editor in 0.47 ms, found 1 plugins.
Preloading 0 native plugins for Editor in 0.00 ms.
Unloading 1804 Unused Serialized files (Serialized files now loaded: 0)
System memory in use before: 87.4 MB.
System memory in use after: 87.5 MB.

Unloading 7 unused Assets to reduce memory usage. Loaded Objects now: 2289.
Total: 3.339200 ms (FindLiveObjects: 0.385000 ms CreateObjectMapping: 0.127900 ms MarkObjects: 2.791300 ms  DeleteObjects: 0.032600 ms)

========================================================================
Received Prepare
Registering precompiled user dll's ...
Registered in 0.001538 seconds.
Begin MonoManager ReloadAssembly
Native extension for WindowsStandalone target not found
Native extension for WebGL target not found
Refreshing native plugins compatible for Editor in 0.64 ms, found 1 plugins.
Preloading 0 native plugins for Editor in 0.00 ms.
Invoked RoslynAnalysisRunner static constructor.
RoslynAnalysisRunner will not be running.
RoslynAnalysisRunner has terminated.
Mono: successfully reloaded assembly
- Completed reload, in  1.113 seconds
Platform modules already initialized, skipping
Refreshing native plugins compatible for Editor in 0.40 ms, found 1 plugins.
Preloading 0 native plugins for Editor in 0.00 ms.
Unloading 1804 Unused Serialized files (Serialized files now loaded: 0)
System memory in use before: 87.5 MB.
System memory in use after: 87.6 MB.

Unloading 7 unused Assets to reduce memory usage. Loaded Objects now: 2293.
Total: 4.037500 ms (FindLiveObjects: 0.487700 ms CreateObjectMapping: 0.206800 ms MarkObjects: 3.307600 ms  DeleteObjects: 0.033400 ms)

========================================================================
Received Prepare
Registering precompiled user dll's ...
Registered in 0.001282 seconds.
Begin MonoManager ReloadAssembly
Native extension for WindowsStandalone target not found
Native extension for WebGL target not found
Refreshing native plugins compatible for Editor in 0.74 ms, found 1 plugins.
Preloading 0 native plugins for Editor in 0.00 ms.
Invoked RoslynAnalysisRunner static constructor.
RoslynAnalysisRunner will not be running.
RoslynAnalysisRunner has terminated.
Mono: successfully reloaded assembly
- Completed reload, in  1.341 seconds
Platform modules already initialized, skipping
Refreshing native plugins compatible for Editor in 0.61 ms, found 1 plugins.
Preloading 0 native plugins for Editor in 0.00 ms.
Unloading 1804 Unused Serialized files (Serialized files now loaded: 0)
System memory in use before: 87.5 MB.
System memory in use after: 87.6 MB.

Unloading 7 unused Assets to reduce memory usage. Loaded Objects now: 2297.
Total: 3.491700 ms (FindLiveObjects: 0.596800 ms CreateObjectMapping: 0.202300 ms MarkObjects: 2.663400 ms  DeleteObjects: 0.027300 ms)

========================================================================
Received Prepare
Registering precompiled user dll's ...
Registered in 0.001715 seconds.
Begin MonoManager ReloadAssembly
Native extension for WindowsStandalone target not found
Native extension for WebGL target not found
Refreshing native plugins compatible for Editor in 0.43 ms, found 1 plugins.
Preloading 0 native plugins for Editor in 0.00 ms.
Invoked RoslynAnalysisRunner static constructor.
RoslynAnalysisRunner will not be running.
RoslynAnalysisRunner has terminated.
Mono: successfully reloaded assembly
- Completed reload, in  1.124 seconds
Platform modules already initialized, skipping
Refreshing native plugins compatible for Editor in 0.54 ms, found 1 plugins.
Preloading 0 native plugins for Editor in 0.00 ms.
Unloading 1804 Unused Serialized files (Serialized files now loaded: 0)
System memory in use before: 87.5 MB.
System memory in use after: 87.6 MB.

Unloading 7 unused Assets to reduce memory usage. Loaded Objects now: 2301.
Total: 2.695700 ms (FindLiveObjects: 0.282000 ms CreateObjectMapping: 0.061600 ms MarkObjects: 2.329000 ms  DeleteObjects: 0.021100 ms)

========================================================================
Received Prepare
Registering precompiled user dll's ...
Registered in 0.001429 seconds.
Begin MonoManager ReloadAssembly
Native extension for WindowsStandalone target not found
Native extension for WebGL target not found
Refreshing native plugins compatible for Editor in 0.64 ms, found 1 plugins.
Preloading 0 native plugins for Editor in 0.00 ms.
Invoked RoslynAnalysisRunner static constructor.
RoslynAnalysisRunner will not be running.
RoslynAnalysisRunner has terminated.
Mono: successfully reloaded assembly
- Completed reload, in  1.088 seconds
Platform modules already initialized, skipping
Refreshing native plugins compatible for Editor in 0.42 ms, found 1 plugins.
Preloading 0 native plugins for Editor in 0.00 ms.
Unloading 1804 Unused Serialized files (Serialized files now loaded: 0)
System memory in use before: 87.5 MB.
System memory in use after: 87.6 MB.

Unloading 7 unused Assets to reduce memory usage. Loaded Objects now: 2305.
Total: 3.176400 ms (FindLiveObjects: 0.419000 ms CreateObjectMapping: 0.166700 ms MarkObjects: 2.566000 ms  DeleteObjects: 0.022600 ms)

========================================================================
Received Prepare
Registering precompiled user dll's ...
Registered in 0.001421 seconds.
Begin MonoManager ReloadAssembly
Native extension for WindowsStandalone target not found
Native extension for WebGL target not found
Refreshing native plugins compatible for Editor in 0.39 ms, found 1 plugins.
Preloading 0 native plugins for Editor in 0.00 ms.
Invoked RoslynAnalysisRunner static constructor.
RoslynAnalysisRunner will not be running.
RoslynAnalysisRunner has terminated.
Mono: successfully reloaded assembly
- Completed reload, in  1.035 seconds
Platform modules already initialized, skipping
Refreshing native plugins compatible for Editor in 0.41 ms, found 1 plugins.
Preloading 0 native plugins for Editor in 0.00 ms.
Unloading 1804 Unused Serialized files (Serialized files now loaded: 0)
System memory in use before: 87.5 MB.
System memory in use after: 87.6 MB.

Unloading 7 unused Assets to reduce memory usage. Loaded Objects now: 2309.
Total: 2.699000 ms (FindLiveObjects: 0.288500 ms CreateObjectMapping: 0.124100 ms MarkObjects: 2.260600 ms  DeleteObjects: 0.024200 ms)

========================================================================
Received Prepare
Registering precompiled user dll's ...
Registered in 0.001286 seconds.
Begin MonoManager ReloadAssembly
Native extension for WindowsStandalone target not found
Native extension for WebGL target not found
Refreshing native plugins compatible for Editor in 0.46 ms, found 1 plugins.
Preloading 0 native plugins for Editor in 0.00 ms.
Invoked RoslynAnalysisRunner static constructor.
RoslynAnalysisRunner will not be running.
RoslynAnalysisRunner has terminated.
Mono: successfully reloaded assembly
- Completed reload, in  1.026 seconds
Platform modules already initialized, skipping
Refreshing native plugins compatible for Editor in 0.42 ms, found 1 plugins.
Preloading 0 native plugins for Editor in 0.00 ms.
Unloading 1804 Unused Serialized files (Serialized files now loaded: 0)
System memory in use before: 87.5 MB.
System memory in use after: 87.7 MB.

Unloading 7 unused Assets to reduce memory usage. Loaded Objects now: 2313.
Total: 2.715100 ms (FindLiveObjects: 0.357300 ms CreateObjectMapping: 0.115100 ms MarkObjects: 2.218600 ms  DeleteObjects: 0.022500 ms)

========================================================================
Received Prepare
Registering precompiled user dll's ...
Registered in 0.001524 seconds.
Begin MonoManager ReloadAssembly
Native extension for WindowsStandalone target not found
Native extension for WebGL target not found
Refreshing native plugins compatible for Editor in 0.90 ms, found 1 plugins.
Preloading 0 native plugins for Editor in 0.00 ms.
Invoked RoslynAnalysisRunner static constructor.
RoslynAnalysisRunner will not be running.
RoslynAnalysisRunner has terminated.
Mono: successfully reloaded assembly
- Completed reload, in  1.080 seconds
Platform modules already initialized, skipping
Refreshing native plugins compatible for Editor in 0.46 ms, found 1 plugins.
Preloading 0 native plugins for Editor in 0.00 ms.
Unloading 1804 Unused Serialized files (Serialized files now loaded: 0)
System memory in use before: 87.6 MB.
System memory in use after: 87.7 MB.

Unloading 7 unused Assets to reduce memory usage. Loaded Objects now: 2317.
Total: 2.615700 ms (FindLiveObjects: 0.249000 ms CreateObjectMapping: 0.094400 ms MarkObjects: 2.251400 ms  DeleteObjects: 0.019200 ms)

========================================================================
Received Import Request.
  Time since last request: 984.050487 seconds.
  path: Assets/Scripts/GameController.cs
  artifactKey: Guid(10c19314efff6d0488c1aeff08f91935) Importer(815301076,1909f56bfc062723c751e8b465ee728b)
Start importing Assets/Scripts/GameController.cs using Guid(10c19314efff6d0488c1aeff08f91935) Importer(815301076,1909f56bfc062723c751e8b465ee728b)  -> (artifact id: 'f4c0bd9d2e647bb80ffe34fc23e5ee6d') in 0.018524 seconds
  Import took 0.022753 seconds .

========================================================================
Received Import Request.
  Time since last request: 0.003114 seconds.
  path: Assets/Scripts/GameController.cs
  artifactKey: Guid(10c19314efff6d0488c1aeff08f91935) Importer(815301076,1909f56bfc062723c751e8b465ee728b)
Start importing Assets/Scripts/GameController.cs using Guid(10c19314efff6d0488c1aeff08f91935) Importer(815301076,1909f56bfc062723c751e8b465ee728b)  -> (artifact id: 'f4c0bd9d2e647bb80ffe34fc23e5ee6d') in 0.003703 seconds
  Import took 0.007577 seconds .

========================================================================
Received Prepare
Registering precompiled user dll's ...
Registered in 0.001105 seconds.
Begin MonoManager ReloadAssembly
Native extension for WindowsStandalone target not found
Native extension for WebGL target not found
Refreshing native plugins compatible for Editor in 0.58 ms, found 1 plugins.
Preloading 0 native plugins for Editor in 0.00 ms.
Invoked RoslynAnalysisRunner static constructor.
RoslynAnalysisRunner will not be running.
RoslynAnalysisRunner has terminated.
Mono: successfully reloaded assembly
- Completed reload, in  1.062 seconds
Platform modules already initialized, skipping
Refreshing native plugins compatible for Editor in 0.45 ms, found 1 plugins.
Preloading 0 native plugins for Editor in 0.00 ms.
Unloading 1804 Unused Serialized files (Serialized files now loaded: 0)
System memory in use before: 87.6 MB.
System memory in use after: 87.7 MB.

Unloading 7 unused Assets to reduce memory usage. Loaded Objects now: 2321.
Total: 3.378400 ms (FindLiveObjects: 0.342100 ms CreateObjectMapping: 0.098000 ms MarkObjects: 2.915000 ms  DeleteObjects: 0.021200 ms)

========================================================================
Received Import Request.
  Time since last request: 175.906034 seconds.
  path: Assets/Scripts/GameController.cs
  artifactKey: Guid(10c19314efff6d0488c1aeff08f91935) Importer(815301076,1909f56bfc062723c751e8b465ee728b)
Start importing Assets/Scripts/GameController.cs using Guid(10c19314efff6d0488c1aeff08f91935) Importer(815301076,1909f56bfc062723c751e8b465ee728b)  -> (artifact id: '93f0e47ae063cf1f42d96e0349693d3c') in 0.008038 seconds
  Import took 0.011656 seconds .

========================================================================
Received Prepare
Registering precompiled user dll's ...
Registered in 0.002117 seconds.
Begin MonoManager ReloadAssembly
Native extension for WindowsStandalone target not found
Native extension for WebGL target not found
Refreshing native plugins compatible for Editor in 0.56 ms, found 1 plugins.
Preloading 0 native plugins for Editor in 0.00 ms.
Invoked RoslynAnalysisRunner static constructor.
RoslynAnalysisRunner will not be running.
RoslynAnalysisRunner has terminated.
Mono: successfully reloaded assembly
- Completed reload, in  1.355 seconds
Platform modules already initialized, skipping
Refreshing native plugins compatible for Editor in 0.63 ms, found 1 plugins.
Preloading 0 native plugins for Editor in 0.00 ms.
Unloading 1804 Unused Serialized files (Serialized files now loaded: 0)
System memory in use before: 87.6 MB.
System memory in use after: 87.7 MB.

Unloading 7 unused Assets to reduce memory usage. Loaded Objects now: 2325.
Total: 4.455300 ms (FindLiveObjects: 0.932000 ms CreateObjectMapping: 0.226200 ms MarkObjects: 3.260600 ms  DeleteObjects: 0.033800 ms)

AssetImportWorkerClient::OnTransportError - code=2 error=End of file
